PASS VERSION-SEMVER: version이 'gil X.Y.Z' (SemVer) 형태로 자기를 보고
PASS HELP-EXIT0: help이 exit 0으로 능력 목록 보고 (기계 훅 gil:commands 정확히 1줄)
PASS HELP-SAFE: 능력 탐침(help·help <명령>·pages --dry-run)이 저장소를 변경하지 않는다
PASS HELP-TRUTHFUL: 훅이 나열한 모든 명령이 실재한다 (미구현 신호 없음)
PASS HELP-COMPLETE: 나열하지 않은 명령은 미구현 신호(exit 3)로 답한다
PASS PAGES-DRYRUN: pages --dry-run이 경로만 보고하고 파일을 만들지 않는다 (대조: pages는 만든다)
PASS FSCK-CLEAN: 규칙 준수 저장소에서 fsck exit 0
PASS FSCK-R1: R1 위반 탐지 (exit ≠ 0)
PASS FSCK-R2: R2 위반 탐지 (exit ≠ 0)
PASS FSCK-R3: R3 위반 탐지 (exit ≠ 0)
PASS FSCK-R4: R4 위반 탐지 (exit ≠ 0)
PASS FSCK-R5: R5 위반 탐지 (exit ≠ 0)
PASS FSCK-R6: R6 위반 탐지 (exit ≠ 0)
PASS FSCK-R8: R8 위반 탐지 (exit ≠ 0)
PASS FSCK-R7: R7 순환 탐지 (exit ≠ 0)
PASS OPEN-CREATE: open이 v0.2 준수 사이클 생성
PASS OPEN-INCREMENT: 번호 자동 증가 (C002)
PASS OPEN-REJECT-SLUG: 형식 위반 슬러그 거부 + 무변화
PASS CLOSE-TEMPLATE-REJECT: 템플릿 그대로의 보고서로는 닫기 거부
PASS CLOSE-OK: 정상 닫기 (status·closed 전이)
PASS CLOSE-DOUBLE-REJECT: 이중 닫기 거부
PASS STEP-OK: step 전이 반영 (1→3)
PASS STEP-REJECT-RANGE: 범위 밖 step 거부 + 무변화
PASS STEP-REJECT-CLOSED: 닫힌 사이클 step 변경 거부
PASS FSCK-R9: R9 위반 탐지 (step 범위)
PASS LOG-OK: log 정상 렌더 (exit 0 + 사이클 id 표기)
PASS LOG-BROKEN: 끊어진 참조에서 log 거부
PASS WEB-SELFCONTAINED: web 산출물 외부 리소스 0
PASS WEB-JSON: web 내장 JSON (id="gil-data") 구조·step 일치
PASS GIT-CLOSE: close --git: 태그 + 사이클 경로만 커밋
PASS VERIFY-CLEAN: 무변조 verify exit 0
PASS VERIFY-TAMPER: 닫힌 사이클 변조 탐지 (exit ≠ 0)
PASS OPEN-GIT: open --git: 새 사이클 경로만 커밋 (열림 즉시 각인)
PASS OPEN-PUSH-RENUMBER: open --push: 번호 경합을 자동 재번호로 해소 (원장 규율)

계약 준수: 34/34  ✔ 이 구현은 gil이다
